2024-05-26 16:45:31,593 TRACE [http-nio-8080-exec-1] loggerTrace [EmployeeService.java:47] -- Registration email sent to employee id: 1
2024-05-26 16:45:32,937 TRACE [http-nio-8080-exec-1] loggerTrace [EmployeeService.java:49] -- Employee with id 1 saved.
2024-05-26 16:45:37,600 TRACE [http-nio-8080-exec-3] loggerTrace [EmployeeService.java:47] -- Registration email sent to employee id: 2
2024-05-26 16:45:38,643 TRACE [http-nio-8080-exec-3] loggerTrace [EmployeeService.java:49] -- Employee with id 2 saved.
2024-05-26 16:45:42,556 TRACE [http-nio-8080-exec-4] loggerTrace [EmployeeService.java:47] -- Registration email sent to employee id: 3
2024-05-26 16:45:43,814 TRACE [http-nio-8080-exec-4] loggerTrace [EmployeeService.java:49] -- Employee with id 3 saved.
2024-05-26 16:46:01,102 TRACE [http-nio-8080-exec-5] loggerTrace [PcService.java:58] -- PC with id 1 saved.
2024-05-26 16:46:07,591 TRACE [http-nio-8080-exec-6] loggerTrace [PcService.java:58] -- PC with id 2 saved.
2024-05-26 16:46:11,971 TRACE [http-nio-8080-exec-7] loggerTrace [PcService.java:58] -- PC with id 3 saved.
2024-05-26 16:46:21,862 TRACE [http-nio-8080-exec-8] loggerTrace [TabletService.java:54] -- Tablet with id 4 saved.
2024-05-26 16:46:26,287 TRACE [http-nio-8080-exec-9] loggerTrace [TabletService.java:54] -- Tablet with id 5 saved.
2024-05-26 16:46:29,972 TRACE [http-nio-8080-exec-10] loggerTrace [TabletService.java:54] -- Tablet with id 6 saved.
2024-05-26 16:46:41,571 TRACE [http-nio-8080-exec-2] loggerTrace [SmartphoneService.java:54] -- Smartphone with id 7 saved.
2024-05-26 16:46:45,606 TRACE [http-nio-8080-exec-1] loggerTrace [SmartphoneService.java:54] -- Smartphone with id 8 saved.
2024-05-26 16:46:54,052 TRACE [http-nio-8080-exec-3] loggerTrace [SmartphoneService.java:54] -- Smartphone with id 9 saved.
2024-05-26 16:47:03,419 TRACE [http-nio-8080-exec-4] loggerTrace [SmartphoneService.java:54] -- Smartphone with id 10 saved.
2024-05-26 16:49:39,706 TRACE [http-nio-8080-exec-8] loggerTrace [SmartphoneService.java:86] -- Smartphone with id 10 modified.
2024-05-26 16:49:51,585 TRACE [http-nio-8080-exec-9] loggerTrace [SmartphoneService.java:99] -- Smartphone with id 10 deleted successfully.
2024-05-26 16:50:16,564 TRACE [http-nio-8080-exec-10] loggerTrace [TabletService.java:54] -- Tablet with id 11 saved.
2024-05-26 16:50:58,634 TRACE [http-nio-8080-exec-3] loggerTrace [TabletService.java:86] -- Tablet with id 11 modified.
2024-05-26 16:51:46,508 TRACE [http-nio-8080-exec-4] loggerTrace [TabletService.java:99] -- Tablet with id 11 deleted successfully.
2024-05-26 16:51:58,769 TRACE [http-nio-8080-exec-5] loggerTrace [PcService.java:58] -- PC with id 12 saved.
2024-05-26 16:53:17,718 TRACE [http-nio-8080-exec-8] loggerTrace [PcService.java:94] -- PC with id 12 modified.
2024-05-26 16:53:36,034 TRACE [http-nio-8080-exec-9] loggerTrace [PcService.java:107] -- PC with id 12 deleted successfully.
2024-05-26 16:54:11,231 TRACE [http-nio-8080-exec-2] loggerTrace [PcService.java:136] -- PC with id 1 assigned to employee id: 1
2024-05-26 16:54:12,434 TRACE [http-nio-8080-exec-2] loggerTrace [PcService.java:138] -- PC id: 1 assignment email sent to employee id: 1
2024-05-26 17:08:46,970 TRACE [http-nio-8080-exec-3] loggerTrace [PcService.java:158] -- PC with id 1 removed from employee id: 1
2024-05-26 17:11:34,699 TRACE [http-nio-8080-exec-3] loggerTrace [TabletService.java:128] -- Tablet with id 4 assigned to employee id: 1
2024-05-26 17:11:36,383 TRACE [http-nio-8080-exec-3] loggerTrace [TabletService.java:130] -- Tablet id: 4 assignment email sent to employee id: 1
2024-05-26 17:12:30,915 TRACE [http-nio-8080-exec-6] loggerTrace [TabletService.java:142] -- Tablet with id 4 removed from employee id: 4
2024-05-26 17:13:54,278 TRACE [http-nio-8080-exec-9] loggerTrace [SmartphoneService.java:128] -- Smartphone with id 7 assigned to employee id: 1
2024-05-26 17:13:55,423 TRACE [http-nio-8080-exec-9] loggerTrace [SmartphoneService.java:130] -- Smartphone id: 7 assignment email sent to employee id: 1
2024-05-26 17:28:33,652 TRACE [http-nio-8080-exec-4] loggerTrace [EmployeeService.java:47] -- Registration email sent to employee id: 52
2024-05-26 17:28:35,090 TRACE [http-nio-8080-exec-4] loggerTrace [EmployeeService.java:49] -- Employee with id 52 saved.
2024-05-28 14:12:04,680 TRACE [http-nio-8080-exec-7] loggerTrace [EmployeeService.java:50] -- Registration email sent to employee id: 102
2024-05-28 14:12:06,809 TRACE [http-nio-8080-exec-7] loggerTrace [EmployeeService.java:52] -- Employee with id 102 saved.
2024-05-28 16:28:39,162 TRACE [http-nio-8080-exec-2] loggerTrace [EmployeeService.java:56] -- Registration email sent to employee id: 152
2024-05-28 16:28:40,785 TRACE [http-nio-8080-exec-2] loggerTrace [EmployeeService.java:58] -- Employee with id 152 saved.
2024-05-28 17:37:06,104 TRACE [http-nio-8080-exec-2] loggerTrace [EmployeeService.java:56] -- Registration email sent to employee id: 1
2024-05-28 17:37:07,787 TRACE [http-nio-8080-exec-2] loggerTrace [EmployeeService.java:58] -- Employee with id 1 saved.
2024-05-28 17:38:35,170 TRACE [http-nio-8080-exec-5] loggerTrace [EmployeeService.java:56] -- Registration email sent to employee id: 2
2024-05-28 17:38:36,528 TRACE [http-nio-8080-exec-5] loggerTrace [EmployeeService.java:58] -- Employee with id 2 saved.
2024-05-28 17:50:22,717 TRACE [http-nio-8080-exec-2] loggerTrace [EmployeeService.java:106] -- Employee with id 1 deleted successfully.
2024-05-28 17:50:52,005 TRACE [http-nio-8080-exec-3] loggerTrace [EmployeeService.java:56] -- Registration email sent to employee id: 3
2024-05-28 17:50:53,213 TRACE [http-nio-8080-exec-3] loggerTrace [EmployeeService.java:58] -- Employee with id 3 saved.
